\\WFS1\USERS$\MORGAN\MY DOCUMENTS\VISUAL STUDIO 2012\PROJECTS\MODERNHELLOWORLD3\MODERNHELLOWORLD3\DEBUG\BACKGROUND.OBJ
\\WFS1\USERS$\MORGAN\MY DOCUMENTS\VISUAL STUDIO 2012\PROJECTS\MODERNHELLOWORLD3\MODERNHELLOWORLD3\DEBUG\OBJECT.OBJ
\\WFS1\USERS$\MORGAN\MY DOCUMENTS\VISUAL STUDIO 2012\PROJECTS\MODERNHELLOWORLD3\MODERNHELLOWORLD3\DEBUG\SHADER.OBJ
\\WFS1\USERS$\MORGAN\MY DOCUMENTS\VISUAL STUDIO 2012\PROJECTS\MODERNHELLOWORLD3\MODERNHELLOWORLD3\DEBUG\TOP.OBJ
\\WFS1\USERS$\MORGAN\MY DOCUMENTS\VISUAL STUDIO 2012\PROJECTS\MODERNHELLOWORLD3\MODERNHELLOWORLD3\DEBUG\VERTEXATTRIBUTES.OBJ
\\WFS1\USERS$\MORGAN\MY DOCUMENTS\VISUAL STUDIO 2012\PROJECTS\MODERNHELLOWORLD3\MODERNHELLOWORLD3\DEBUG\VC110.PDB
\\WFS1\USERS$\MORGAN\MY DOCUMENTS\VISUAL STUDIO 2012\PROJECTS\MODERNHELLOWORLD3\MODERNHELLOWORLD3\DEBUG\MAIN.OBJ
\\WFS1\USERS$\MORGAN\MY DOCUMENTS\VISUAL STUDIO 2012\PROJECTS\MODERNHELLOWORLD3\MODERNHELLOWORLD3\DEBUG\SPHERE.OBJ
\\WFS1\USERS$\MORGAN\MY DOCUMENTS\VISUAL STUDIO 2012\PROJECTS\MODERNHELLOWORLD3\MODERNHELLOWORLD3\DEBUG\STOOL.OBJ
\\WFS1\USERS$\MORGAN\MY DOCUMENTS\VISUAL STUDIO 2012\PROJECTS\MODERNHELLOWORLD3\MODERNHELLOWORLD3\DEBUG\WORLD.OBJ
\\WFS1\USERS$\MORGAN\MY DOCUMENTS\VISUAL STUDIO 2012\PROJECTS\MODERNHELLOWORLD3\MODERNHELLOWORLD3\DEBUG\CYLINDER.OBJ
\\WFS1\USERS$\MORGAN\MY DOCUMENTS\VISUAL STUDIO 2012\PROJECTS\MODERNHELLOWORLD3\DEBUG\MODERNHELLOWORLD3.ILK
\\WFS1\USERS$\MORGAN\MY DOCUMENTS\VISUAL STUDIO 2012\PROJECTS\MODERNHELLOWORLD3\DEBUG\MODERNHELLOWORLD3.EXE
\\WFS1\USERS$\MORGAN\MY DOCUMENTS\VISUAL STUDIO 2012\PROJECTS\MODERNHELLOWORLD3\DEBUG\MODERNHELLOWORLD3.PDB
\\wfs1\users$\morgan\My Documents\Visual Studio 2012\Projects\modernHelloWorld3\modernHelloWorld3\Debug\background.obj
\\wfs1\users$\morgan\My Documents\Visual Studio 2012\Projects\modernHelloWorld3\modernHelloWorld3\Debug\cylinder.obj
\\wfs1\users$\morgan\My Documents\Visual Studio 2012\Projects\modernHelloWorld3\modernHelloWorld3\Debug\main.obj
\\wfs1\users$\morgan\My Documents\Visual Studio 2012\Projects\modernHelloWorld3\modernHelloWorld3\Debug\object.obj
\\wfs1\users$\morgan\My Documents\Visual Studio 2012\Projects\modernHelloWorld3\modernHelloWorld3\Debug\shader.obj
\\wfs1\users$\morgan\My Documents\Visual Studio 2012\Projects\modernHelloWorld3\modernHelloWorld3\Debug\Sphere.obj
\\wfs1\users$\morgan\My Documents\Visual Studio 2012\Projects\modernHelloWorld3\modernHelloWorld3\Debug\Stool.obj
\\wfs1\users$\morgan\My Documents\Visual Studio 2012\Projects\modernHelloWorld3\modernHelloWorld3\Debug\top.obj
\\wfs1\users$\morgan\My Documents\Visual Studio 2012\Projects\modernHelloWorld3\modernHelloWorld3\Debug\vertexattributes.obj
\\wfs1\users$\morgan\My Documents\Visual Studio 2012\Projects\modernHelloWorld3\modernHelloWorld3\Debug\world.obj
\\wfs1\users$\morgan\My Documents\Visual Studio 2012\Projects\modernHelloWorld3\modernHelloWorld3\Debug\cl.command.1.tlog
\\wfs1\users$\morgan\My Documents\Visual Studio 2012\Projects\modernHelloWorld3\modernHelloWorld3\Debug\CL.read.1.tlog
\\wfs1\users$\morgan\My Documents\Visual Studio 2012\Projects\modernHelloWorld3\modernHelloWorld3\Debug\CL.write.1.tlog
\\wfs1\users$\morgan\My Documents\Visual Studio 2012\Projects\modernHelloWorld3\modernHelloWorld3\Debug\link-cvtres.read.1.tlog
\\wfs1\users$\morgan\My Documents\Visual Studio 2012\Projects\modernHelloWorld3\modernHelloWorld3\Debug\link-cvtres.write.1.tlog
\\wfs1\users$\morgan\My Documents\Visual Studio 2012\Projects\modernHelloWorld3\modernHelloWorld3\Debug\link-rc.read.1.tlog
\\wfs1\users$\morgan\My Documents\Visual Studio 2012\Projects\modernHelloWorld3\modernHelloWorld3\Debug\link-rc.write.1.tlog
\\wfs1\users$\morgan\My Documents\Visual Studio 2012\Projects\modernHelloWorld3\modernHelloWorld3\Debug\link.1064-cvtres.read.1.tlog
\\wfs1\users$\morgan\My Documents\Visual Studio 2012\Projects\modernHelloWorld3\modernHelloWorld3\Debug\link.1064-cvtres.write.1.tlog
\\wfs1\users$\morgan\My Documents\Visual Studio 2012\Projects\modernHelloWorld3\modernHelloWorld3\Debug\link.1064-rc.read.1.tlog
\\wfs1\users$\morgan\My Documents\Visual Studio 2012\Projects\modernHelloWorld3\modernHelloWorld3\Debug\link.1064-rc.write.1.tlog
\\wfs1\users$\morgan\My Documents\Visual Studio 2012\Projects\modernHelloWorld3\modernHelloWorld3\Debug\link.1064.read.1.tlog
\\wfs1\users$\morgan\My Documents\Visual Studio 2012\Projects\modernHelloWorld3\modernHelloWorld3\Debug\link.1064.write.1.tlog
\\wfs1\users$\morgan\My Documents\Visual Studio 2012\Projects\modernHelloWorld3\modernHelloWorld3\Debug\link.1112-cvtres.read.1.tlog
\\wfs1\users$\morgan\My Documents\Visual Studio 2012\Projects\modernHelloWorld3\modernHelloWorld3\Debug\link.1112-cvtres.write.1.tlog
\\wfs1\users$\morgan\My Documents\Visual Studio 2012\Projects\modernHelloWorld3\modernHelloWorld3\Debug\link.1112-rc.read.1.tlog
\\wfs1\users$\morgan\My Documents\Visual Studio 2012\Projects\modernHelloWorld3\modernHelloWorld3\Debug\link.1112-rc.write.1.tlog
\\wfs1\users$\morgan\My Documents\Visual Studio 2012\Projects\modernHelloWorld3\modernHelloWorld3\Debug\link.1112.read.1.tlog
\\wfs1\users$\morgan\My Documents\Visual Studio 2012\Projects\modernHelloWorld3\modernHelloWorld3\Debug\link.1112.write.1.tlog
\\wfs1\users$\morgan\My Documents\Visual Studio 2012\Projects\modernHelloWorld3\modernHelloWorld3\Debug\link.1128-cvtres.read.1.tlog
\\wfs1\users$\morgan\My Documents\Visual Studio 2012\Projects\modernHelloWorld3\modernHelloWorld3\Debug\link.1128-cvtres.write.1.tlog
\\wfs1\users$\morgan\My Documents\Visual Studio 2012\Projects\modernHelloWorld3\modernHelloWorld3\Debug\link.1128-rc.read.1.tlog
\\wfs1\users$\morgan\My Documents\Visual Studio 2012\Projects\modernHelloWorld3\modernHelloWorld3\Debug\link.1128-rc.write.1.tlog
\\wfs1\users$\morgan\My Documents\Visual Studio 2012\Projects\modernHelloWorld3\modernHelloWorld3\Debug\link.1128.read.1.tlog
\\wfs1\users$\morgan\My Documents\Visual Studio 2012\Projects\modernHelloWorld3\modernHelloWorld3\Debug\link.1128.write.1.tlog
\\wfs1\users$\morgan\My Documents\Visual Studio 2012\Projects\modernHelloWorld3\modernHelloWorld3\Debug\link.1468-cvtres.read.1.tlog
\\wfs1\users$\morgan\My Documents\Visual Studio 2012\Projects\modernHelloWorld3\modernHelloWorld3\Debug\link.1468-cvtres.write.1.tlog
\\wfs1\users$\morgan\My Documents\Visual Studio 2012\Projects\modernHelloWorld3\modernHelloWorld3\Debug\link.1468-rc.read.1.tlog
\\wfs1\users$\morgan\My Documents\Visual Studio 2012\Projects\modernHelloWorld3\modernHelloWorld3\Debug\link.1468-rc.write.1.tlog
\\wfs1\users$\morgan\My Documents\Visual Studio 2012\Projects\modernHelloWorld3\modernHelloWorld3\Debug\link.1468.read.1.tlog
\\wfs1\users$\morgan\My Documents\Visual Studio 2012\Projects\modernHelloWorld3\modernHelloWorld3\Debug\link.1468.write.1.tlog
\\wfs1\users$\morgan\My Documents\Visual Studio 2012\Projects\modernHelloWorld3\modernHelloWorld3\Debug\link.1520-cvtres.read.1.tlog
\\wfs1\users$\morgan\My Documents\Visual Studio 2012\Projects\modernHelloWorld3\modernHelloWorld3\Debug\link.1520-cvtres.write.1.tlog
\\wfs1\users$\morgan\My Documents\Visual Studio 2012\Projects\modernHelloWorld3\modernHelloWorld3\Debug\link.1520-rc.read.1.tlog
\\wfs1\users$\morgan\My Documents\Visual Studio 2012\Projects\modernHelloWorld3\modernHelloWorld3\Debug\link.1520-rc.write.1.tlog
\\wfs1\users$\morgan\My Documents\Visual Studio 2012\Projects\modernHelloWorld3\modernHelloWorld3\Debug\link.1520.read.1.tlog
\\wfs1\users$\morgan\My Documents\Visual Studio 2012\Projects\modernHelloWorld3\modernHelloWorld3\Debug\link.1520.write.1.tlog
\\wfs1\users$\morgan\My Documents\Visual Studio 2012\Projects\modernHelloWorld3\modernHelloWorld3\Debug\link.2028-cvtres.read.1.tlog
\\wfs1\users$\morgan\My Documents\Visual Studio 2012\Projects\modernHelloWorld3\modernHelloWorld3\Debug\link.2028-cvtres.write.1.tlog
\\wfs1\users$\morgan\My Documents\Visual Studio 2012\Projects\modernHelloWorld3\modernHelloWorld3\Debug\link.2028-rc.read.1.tlog
\\wfs1\users$\morgan\My Documents\Visual Studio 2012\Projects\modernHelloWorld3\modernHelloWorld3\Debug\link.2028-rc.write.1.tlog
\\wfs1\users$\morgan\My Documents\Visual Studio 2012\Projects\modernHelloWorld3\modernHelloWorld3\Debug\link.2028.read.1.tlog
\\wfs1\users$\morgan\My Documents\Visual Studio 2012\Projects\modernHelloWorld3\modernHelloWorld3\Debug\link.2028.write.1.tlog
\\wfs1\users$\morgan\My Documents\Visual Studio 2012\Projects\modernHelloWorld3\modernHelloWorld3\Debug\link.2320-cvtres.read.1.tlog
\\wfs1\users$\morgan\My Documents\Visual Studio 2012\Projects\modernHelloWorld3\modernHelloWorld3\Debug\link.2320-cvtres.write.1.tlog
\\wfs1\users$\morgan\My Documents\Visual Studio 2012\Projects\modernHelloWorld3\modernHelloWorld3\Debug\link.2320-rc.read.1.tlog
\\wfs1\users$\morgan\My Documents\Visual Studio 2012\Projects\modernHelloWorld3\modernHelloWorld3\Debug\link.2320-rc.write.1.tlog
\\wfs1\users$\morgan\My Documents\Visual Studio 2012\Projects\modernHelloWorld3\modernHelloWorld3\Debug\link.2320.read.1.tlog
\\wfs1\users$\morgan\My Documents\Visual Studio 2012\Projects\modernHelloWorld3\modernHelloWorld3\Debug\link.2320.write.1.tlog
\\wfs1\users$\morgan\My Documents\Visual Studio 2012\Projects\modernHelloWorld3\modernHelloWorld3\Debug\link.272-cvtres.read.1.tlog
\\wfs1\users$\morgan\My Documents\Visual Studio 2012\Projects\modernHelloWorld3\modernHelloWorld3\Debug\link.272-cvtres.write.1.tlog
\\wfs1\users$\morgan\My Documents\Visual Studio 2012\Projects\modernHelloWorld3\modernHelloWorld3\Debug\link.272-rc.read.1.tlog
\\wfs1\users$\morgan\My Documents\Visual Studio 2012\Projects\modernHelloWorld3\modernHelloWorld3\Debug\link.272-rc.write.1.tlog
\\wfs1\users$\morgan\My Documents\Visual Studio 2012\Projects\modernHelloWorld3\modernHelloWorld3\Debug\link.272.read.1.tlog
\\wfs1\users$\morgan\My Documents\Visual Studio 2012\Projects\modernHelloWorld3\modernHelloWorld3\Debug\link.272.write.1.tlog
\\wfs1\users$\morgan\My Documents\Visual Studio 2012\Projects\modernHelloWorld3\modernHelloWorld3\Debug\link.276-cvtres.read.1.tlog
\\wfs1\users$\morgan\My Documents\Visual Studio 2012\Projects\modernHelloWorld3\modernHelloWorld3\Debug\link.276-cvtres.write.1.tlog
\\wfs1\users$\morgan\My Documents\Visual Studio 2012\Projects\modernHelloWorld3\modernHelloWorld3\Debug\link.276-rc.read.1.tlog
\\wfs1\users$\morgan\My Documents\Visual Studio 2012\Projects\modernHelloWorld3\modernHelloWorld3\Debug\link.276-rc.write.1.tlog
\\wfs1\users$\morgan\My Documents\Visual Studio 2012\Projects\modernHelloWorld3\modernHelloWorld3\Debug\link.276.read.1.tlog
\\wfs1\users$\morgan\My Documents\Visual Studio 2012\Projects\modernHelloWorld3\modernHelloWorld3\Debug\link.276.write.1.tlog
\\wfs1\users$\morgan\My Documents\Visual Studio 2012\Projects\modernHelloWorld3\modernHelloWorld3\Debug\link.2872-cvtres.read.1.tlog
\\wfs1\users$\morgan\My Documents\Visual Studio 2012\Projects\modernHelloWorld3\modernHelloWorld3\Debug\link.2872-cvtres.write.1.tlog
\\wfs1\users$\morgan\My Documents\Visual Studio 2012\Projects\modernHelloWorld3\modernHelloWorld3\Debug\link.2872-rc.read.1.tlog
\\wfs1\users$\morgan\My Documents\Visual Studio 2012\Projects\modernHelloWorld3\modernHelloWorld3\Debug\link.2872-rc.write.1.tlog
\\wfs1\users$\morgan\My Documents\Visual Studio 2012\Projects\modernHelloWorld3\modernHelloWorld3\Debug\link.2872.read.1.tlog
\\wfs1\users$\morgan\My Documents\Visual Studio 2012\Projects\modernHelloWorld3\modernHelloWorld3\Debug\link.2872.write.1.tlog
\\wfs1\users$\morgan\My Documents\Visual Studio 2012\Projects\modernHelloWorld3\modernHelloWorld3\Debug\link.3168-cvtres.read.1.tlog
\\wfs1\users$\morgan\My Documents\Visual Studio 2012\Projects\modernHelloWorld3\modernHelloWorld3\Debug\link.3168-cvtres.write.1.tlog
\\wfs1\users$\morgan\My Documents\Visual Studio 2012\Projects\modernHelloWorld3\modernHelloWorld3\Debug\link.3168-rc.read.1.tlog
\\wfs1\users$\morgan\My Documents\Visual Studio 2012\Projects\modernHelloWorld3\modernHelloWorld3\Debug\link.3168-rc.write.1.tlog
\\wfs1\users$\morgan\My Documents\Visual Studio 2012\Projects\modernHelloWorld3\modernHelloWorld3\Debug\link.3168.read.1.tlog
\\wfs1\users$\morgan\My Documents\Visual Studio 2012\Projects\modernHelloWorld3\modernHelloWorld3\Debug\link.3168.write.1.tlog
\\wfs1\users$\morgan\My Documents\Visual Studio 2012\Projects\modernHelloWorld3\modernHelloWorld3\Debug\link.3216-cvtres.read.1.tlog
\\wfs1\users$\morgan\My Documents\Visual Studio 2012\Projects\modernHelloWorld3\modernHelloWorld3\Debug\link.3216-cvtres.write.1.tlog
\\wfs1\users$\morgan\My Documents\Visual Studio 2012\Projects\modernHelloWorld3\modernHelloWorld3\Debug\link.3216-rc.read.1.tlog
\\wfs1\users$\morgan\My Documents\Visual Studio 2012\Projects\modernHelloWorld3\modernHelloWorld3\Debug\link.3216-rc.write.1.tlog
\\wfs1\users$\morgan\My Documents\Visual Studio 2012\Projects\modernHelloWorld3\modernHelloWorld3\Debug\link.3216.read.1.tlog
\\wfs1\users$\morgan\My Documents\Visual Studio 2012\Projects\modernHelloWorld3\modernHelloWorld3\Debug\link.3216.write.1.tlog
\\wfs1\users$\morgan\My Documents\Visual Studio 2012\Projects\modernHelloWorld3\modernHelloWorld3\Debug\link.3436-cvtres.read.1.tlog
\\wfs1\users$\morgan\My Documents\Visual Studio 2012\Projects\modernHelloWorld3\modernHelloWorld3\Debug\link.3436-cvtres.write.1.tlog
\\wfs1\users$\morgan\My Documents\Visual Studio 2012\Projects\modernHelloWorld3\modernHelloWorld3\Debug\link.3436-rc.read.1.tlog
\\wfs1\users$\morgan\My Documents\Visual Studio 2012\Projects\modernHelloWorld3\modernHelloWorld3\Debug\link.3436-rc.write.1.tlog
\\wfs1\users$\morgan\My Documents\Visual Studio 2012\Projects\modernHelloWorld3\modernHelloWorld3\Debug\link.3436.read.1.tlog
\\wfs1\users$\morgan\My Documents\Visual Studio 2012\Projects\modernHelloWorld3\modernHelloWorld3\Debug\link.3436.write.1.tlog
\\wfs1\users$\morgan\My Documents\Visual Studio 2012\Projects\modernHelloWorld3\modernHelloWorld3\Debug\link.3840-cvtres.read.1.tlog
\\wfs1\users$\morgan\My Documents\Visual Studio 2012\Projects\modernHelloWorld3\modernHelloWorld3\Debug\link.3840-cvtres.write.1.tlog
\\wfs1\users$\morgan\My Documents\Visual Studio 2012\Projects\modernHelloWorld3\modernHelloWorld3\Debug\link.3840-rc.read.1.tlog
\\wfs1\users$\morgan\My Documents\Visual Studio 2012\Projects\modernHelloWorld3\modernHelloWorld3\Debug\link.3840-rc.write.1.tlog
\\wfs1\users$\morgan\My Documents\Visual Studio 2012\Projects\modernHelloWorld3\modernHelloWorld3\Debug\link.3840.read.1.tlog
\\wfs1\users$\morgan\My Documents\Visual Studio 2012\Projects\modernHelloWorld3\modernHelloWorld3\Debug\link.3840.write.1.tlog
\\wfs1\users$\morgan\My Documents\Visual Studio 2012\Projects\modernHelloWorld3\modernHelloWorld3\Debug\link.3956-cvtres.read.1.tlog
\\wfs1\users$\morgan\My Documents\Visual Studio 2012\Projects\modernHelloWorld3\modernHelloWorld3\Debug\link.3956-cvtres.write.1.tlog
\\wfs1\users$\morgan\My Documents\Visual Studio 2012\Projects\modernHelloWorld3\modernHelloWorld3\Debug\link.3956-rc.read.1.tlog
\\wfs1\users$\morgan\My Documents\Visual Studio 2012\Projects\modernHelloWorld3\modernHelloWorld3\Debug\link.3956-rc.write.1.tlog
\\wfs1\users$\morgan\My Documents\Visual Studio 2012\Projects\modernHelloWorld3\modernHelloWorld3\Debug\link.3956.read.1.tlog
\\wfs1\users$\morgan\My Documents\Visual Studio 2012\Projects\modernHelloWorld3\modernHelloWorld3\Debug\link.3956.write.1.tlog
\\wfs1\users$\morgan\My Documents\Visual Studio 2012\Projects\modernHelloWorld3\modernHelloWorld3\Debug\link.396-cvtres.read.1.tlog
\\wfs1\users$\morgan\My Documents\Visual Studio 2012\Projects\modernHelloWorld3\modernHelloWorld3\Debug\link.396-cvtres.write.1.tlog
\\wfs1\users$\morgan\My Documents\Visual Studio 2012\Projects\modernHelloWorld3\modernHelloWorld3\Debug\link.396-rc.read.1.tlog
\\wfs1\users$\morgan\My Documents\Visual Studio 2012\Projects\modernHelloWorld3\modernHelloWorld3\Debug\link.396-rc.write.1.tlog
\\wfs1\users$\morgan\My Documents\Visual Studio 2012\Projects\modernHelloWorld3\modernHelloWorld3\Debug\link.396.read.1.tlog
\\wfs1\users$\morgan\My Documents\Visual Studio 2012\Projects\modernHelloWorld3\modernHelloWorld3\Debug\link.396.write.1.tlog
\\wfs1\users$\morgan\My Documents\Visual Studio 2012\Projects\modernHelloWorld3\modernHelloWorld3\Debug\link.4128-cvtres.read.1.tlog
\\wfs1\users$\morgan\My Documents\Visual Studio 2012\Projects\modernHelloWorld3\modernHelloWorld3\Debug\link.4128-cvtres.write.1.tlog
\\wfs1\users$\morgan\My Documents\Visual Studio 2012\Projects\modernHelloWorld3\modernHelloWorld3\Debug\link.4128-rc.read.1.tlog
\\wfs1\users$\morgan\My Documents\Visual Studio 2012\Projects\modernHelloWorld3\modernHelloWorld3\Debug\link.4128-rc.write.1.tlog
\\wfs1\users$\morgan\My Documents\Visual Studio 2012\Projects\modernHelloWorld3\modernHelloWorld3\Debug\link.4128.read.1.tlog
\\wfs1\users$\morgan\My Documents\Visual Studio 2012\Projects\modernHelloWorld3\modernHelloWorld3\Debug\link.4128.write.1.tlog
\\wfs1\users$\morgan\My Documents\Visual Studio 2012\Projects\modernHelloWorld3\modernHelloWorld3\Debug\link.4172-cvtres.read.1.tlog
\\wfs1\users$\morgan\My Documents\Visual Studio 2012\Projects\modernHelloWorld3\modernHelloWorld3\Debug\link.4172-cvtres.write.1.tlog
\\wfs1\users$\morgan\My Documents\Visual Studio 2012\Projects\modernHelloWorld3\modernHelloWorld3\Debug\link.4172-rc.read.1.tlog
\\wfs1\users$\morgan\My Documents\Visual Studio 2012\Projects\modernHelloWorld3\modernHelloWorld3\Debug\link.4172-rc.write.1.tlog
\\wfs1\users$\morgan\My Documents\Visual Studio 2012\Projects\modernHelloWorld3\modernHelloWorld3\Debug\link.4172.read.1.tlog
\\wfs1\users$\morgan\My Documents\Visual Studio 2012\Projects\modernHelloWorld3\modernHelloWorld3\Debug\link.4172.write.1.tlog
\\wfs1\users$\morgan\My Documents\Visual Studio 2012\Projects\modernHelloWorld3\modernHelloWorld3\Debug\link.4248-cvtres.read.1.tlog
\\wfs1\users$\morgan\My Documents\Visual Studio 2012\Projects\modernHelloWorld3\modernHelloWorld3\Debug\link.4248-cvtres.write.1.tlog
\\wfs1\users$\morgan\My Documents\Visual Studio 2012\Projects\modernHelloWorld3\modernHelloWorld3\Debug\link.4248-rc.read.1.tlog
\\wfs1\users$\morgan\My Documents\Visual Studio 2012\Projects\modernHelloWorld3\modernHelloWorld3\Debug\link.4248-rc.write.1.tlog
\\wfs1\users$\morgan\My Documents\Visual Studio 2012\Projects\modernHelloWorld3\modernHelloWorld3\Debug\link.4248.read.1.tlog
\\wfs1\users$\morgan\My Documents\Visual Studio 2012\Projects\modernHelloWorld3\modernHelloWorld3\Debug\link.4248.write.1.tlog
\\wfs1\users$\morgan\My Documents\Visual Studio 2012\Projects\modernHelloWorld3\modernHelloWorld3\Debug\link.4316-cvtres.read.1.tlog
\\wfs1\users$\morgan\My Documents\Visual Studio 2012\Projects\modernHelloWorld3\modernHelloWorld3\Debug\link.4316-cvtres.write.1.tlog
\\wfs1\users$\morgan\My Documents\Visual Studio 2012\Projects\modernHelloWorld3\modernHelloWorld3\Debug\link.4316-rc.read.1.tlog
\\wfs1\users$\morgan\My Documents\Visual Studio 2012\Projects\modernHelloWorld3\modernHelloWorld3\Debug\link.4316-rc.write.1.tlog
\\wfs1\users$\morgan\My Documents\Visual Studio 2012\Projects\modernHelloWorld3\modernHelloWorld3\Debug\link.4316.read.1.tlog
\\wfs1\users$\morgan\My Documents\Visual Studio 2012\Projects\modernHelloWorld3\modernHelloWorld3\Debug\link.4316.write.1.tlog
\\wfs1\users$\morgan\My Documents\Visual Studio 2012\Projects\modernHelloWorld3\modernHelloWorld3\Debug\link.4508-cvtres.read.1.tlog
\\wfs1\users$\morgan\My Documents\Visual Studio 2012\Projects\modernHelloWorld3\modernHelloWorld3\Debug\link.4508-cvtres.write.1.tlog
\\wfs1\users$\morgan\My Documents\Visual Studio 2012\Projects\modernHelloWorld3\modernHelloWorld3\Debug\link.4508-rc.read.1.tlog
\\wfs1\users$\morgan\My Documents\Visual Studio 2012\Projects\modernHelloWorld3\modernHelloWorld3\Debug\link.4508-rc.write.1.tlog
\\wfs1\users$\morgan\My Documents\Visual Studio 2012\Projects\modernHelloWorld3\modernHelloWorld3\Debug\link.4508.read.1.tlog
\\wfs1\users$\morgan\My Documents\Visual Studio 2012\Projects\modernHelloWorld3\modernHelloWorld3\Debug\link.4508.write.1.tlog
\\wfs1\users$\morgan\My Documents\Visual Studio 2012\Projects\modernHelloWorld3\modernHelloWorld3\Debug\link.4560-cvtres.read.1.tlog
\\wfs1\users$\morgan\My Documents\Visual Studio 2012\Projects\modernHelloWorld3\modernHelloWorld3\Debug\link.4560-cvtres.write.1.tlog
\\wfs1\users$\morgan\My Documents\Visual Studio 2012\Projects\modernHelloWorld3\modernHelloWorld3\Debug\link.4560-rc.read.1.tlog
\\wfs1\users$\morgan\My Documents\Visual Studio 2012\Projects\modernHelloWorld3\modernHelloWorld3\Debug\link.4560-rc.write.1.tlog
\\wfs1\users$\morgan\My Documents\Visual Studio 2012\Projects\modernHelloWorld3\modernHelloWorld3\Debug\link.4560.read.1.tlog
\\wfs1\users$\morgan\My Documents\Visual Studio 2012\Projects\modernHelloWorld3\modernHelloWorld3\Debug\link.4560.write.1.tlog
\\wfs1\users$\morgan\My Documents\Visual Studio 2012\Projects\modernHelloWorld3\modernHelloWorld3\Debug\link.4780-cvtres.read.1.tlog
\\wfs1\users$\morgan\My Documents\Visual Studio 2012\Projects\modernHelloWorld3\modernHelloWorld3\Debug\link.4780-cvtres.write.1.tlog
\\wfs1\users$\morgan\My Documents\Visual Studio 2012\Projects\modernHelloWorld3\modernHelloWorld3\Debug\link.4780-rc.read.1.tlog
\\wfs1\users$\morgan\My Documents\Visual Studio 2012\Projects\modernHelloWorld3\modernHelloWorld3\Debug\link.4780-rc.write.1.tlog
\\wfs1\users$\morgan\My Documents\Visual Studio 2012\Projects\modernHelloWorld3\modernHelloWorld3\Debug\link.4780.read.1.tlog
\\wfs1\users$\morgan\My Documents\Visual Studio 2012\Projects\modernHelloWorld3\modernHelloWorld3\Debug\link.4780.write.1.tlog
\\wfs1\users$\morgan\My Documents\Visual Studio 2012\Projects\modernHelloWorld3\modernHelloWorld3\Debug\link.4824-cvtres.read.1.tlog
\\wfs1\users$\morgan\My Documents\Visual Studio 2012\Projects\modernHelloWorld3\modernHelloWorld3\Debug\link.4824-cvtres.write.1.tlog
\\wfs1\users$\morgan\My Documents\Visual Studio 2012\Projects\modernHelloWorld3\modernHelloWorld3\Debug\link.4824-rc.read.1.tlog
\\wfs1\users$\morgan\My Documents\Visual Studio 2012\Projects\modernHelloWorld3\modernHelloWorld3\Debug\link.4824-rc.write.1.tlog
\\wfs1\users$\morgan\My Documents\Visual Studio 2012\Projects\modernHelloWorld3\modernHelloWorld3\Debug\link.4824.read.1.tlog
\\wfs1\users$\morgan\My Documents\Visual Studio 2012\Projects\modernHelloWorld3\modernHelloWorld3\Debug\link.4824.write.1.tlog
\\wfs1\users$\morgan\My Documents\Visual Studio 2012\Projects\modernHelloWorld3\modernHelloWorld3\Debug\link.4888-cvtres.read.1.tlog
\\wfs1\users$\morgan\My Documents\Visual Studio 2012\Projects\modernHelloWorld3\modernHelloWorld3\Debug\link.4888-cvtres.write.1.tlog
\\wfs1\users$\morgan\My Documents\Visual Studio 2012\Projects\modernHelloWorld3\modernHelloWorld3\Debug\link.4888-rc.read.1.tlog
\\wfs1\users$\morgan\My Documents\Visual Studio 2012\Projects\modernHelloWorld3\modernHelloWorld3\Debug\link.4888-rc.write.1.tlog
\\wfs1\users$\morgan\My Documents\Visual Studio 2012\Projects\modernHelloWorld3\modernHelloWorld3\Debug\link.4888.read.1.tlog
\\wfs1\users$\morgan\My Documents\Visual Studio 2012\Projects\modernHelloWorld3\modernHelloWorld3\Debug\link.4888.write.1.tlog
\\wfs1\users$\morgan\My Documents\Visual Studio 2012\Projects\modernHelloWorld3\modernHelloWorld3\Debug\link.4924-cvtres.read.1.tlog
\\wfs1\users$\morgan\My Documents\Visual Studio 2012\Projects\modernHelloWorld3\modernHelloWorld3\Debug\link.4924-cvtres.write.1.tlog
\\wfs1\users$\morgan\My Documents\Visual Studio 2012\Projects\modernHelloWorld3\modernHelloWorld3\Debug\link.4924-rc.read.1.tlog
\\wfs1\users$\morgan\My Documents\Visual Studio 2012\Projects\modernHelloWorld3\modernHelloWorld3\Debug\link.4924-rc.write.1.tlog
\\wfs1\users$\morgan\My Documents\Visual Studio 2012\Projects\modernHelloWorld3\modernHelloWorld3\Debug\link.4924.read.1.tlog
\\wfs1\users$\morgan\My Documents\Visual Studio 2012\Projects\modernHelloWorld3\modernHelloWorld3\Debug\link.4924.write.1.tlog
\\wfs1\users$\morgan\My Documents\Visual Studio 2012\Projects\modernHelloWorld3\modernHelloWorld3\Debug\link.4928-cvtres.read.1.tlog
\\wfs1\users$\morgan\My Documents\Visual Studio 2012\Projects\modernHelloWorld3\modernHelloWorld3\Debug\link.4928-cvtres.write.1.tlog
\\wfs1\users$\morgan\My Documents\Visual Studio 2012\Projects\modernHelloWorld3\modernHelloWorld3\Debug\link.4928-rc.read.1.tlog
\\wfs1\users$\morgan\My Documents\Visual Studio 2012\Projects\modernHelloWorld3\modernHelloWorld3\Debug\link.4928-rc.write.1.tlog
\\wfs1\users$\morgan\My Documents\Visual Studio 2012\Projects\modernHelloWorld3\modernHelloWorld3\Debug\link.4928.read.1.tlog
\\wfs1\users$\morgan\My Documents\Visual Studio 2012\Projects\modernHelloWorld3\modernHelloWorld3\Debug\link.4928.write.1.tlog
\\wfs1\users$\morgan\My Documents\Visual Studio 2012\Projects\modernHelloWorld3\modernHelloWorld3\Debug\link.4972-cvtres.read.1.tlog
\\wfs1\users$\morgan\My Documents\Visual Studio 2012\Projects\modernHelloWorld3\modernHelloWorld3\Debug\link.4972-cvtres.write.1.tlog
\\wfs1\users$\morgan\My Documents\Visual Studio 2012\Projects\modernHelloWorld3\modernHelloWorld3\Debug\link.4972-rc.read.1.tlog
\\wfs1\users$\morgan\My Documents\Visual Studio 2012\Projects\modernHelloWorld3\modernHelloWorld3\Debug\link.4972-rc.write.1.tlog
\\wfs1\users$\morgan\My Documents\Visual Studio 2012\Projects\modernHelloWorld3\modernHelloWorld3\Debug\link.4972.read.1.tlog
\\wfs1\users$\morgan\My Documents\Visual Studio 2012\Projects\modernHelloWorld3\modernHelloWorld3\Debug\link.4972.write.1.tlog
\\wfs1\users$\morgan\My Documents\Visual Studio 2012\Projects\modernHelloWorld3\modernHelloWorld3\Debug\link.5000-cvtres.read.1.tlog
\\wfs1\users$\morgan\My Documents\Visual Studio 2012\Projects\modernHelloWorld3\modernHelloWorld3\Debug\link.5000-cvtres.write.1.tlog
\\wfs1\users$\morgan\My Documents\Visual Studio 2012\Projects\modernHelloWorld3\modernHelloWorld3\Debug\link.5000-rc.read.1.tlog
\\wfs1\users$\morgan\My Documents\Visual Studio 2012\Projects\modernHelloWorld3\modernHelloWorld3\Debug\link.5000-rc.write.1.tlog
\\wfs1\users$\morgan\My Documents\Visual Studio 2012\Projects\modernHelloWorld3\modernHelloWorld3\Debug\link.5000.read.1.tlog
\\wfs1\users$\morgan\My Documents\Visual Studio 2012\Projects\modernHelloWorld3\modernHelloWorld3\Debug\link.5000.write.1.tlog
\\wfs1\users$\morgan\My Documents\Visual Studio 2012\Projects\modernHelloWorld3\modernHelloWorld3\Debug\link.5012-cvtres.read.1.tlog
\\wfs1\users$\morgan\My Documents\Visual Studio 2012\Projects\modernHelloWorld3\modernHelloWorld3\Debug\link.5012-cvtres.write.1.tlog
\\wfs1\users$\morgan\My Documents\Visual Studio 2012\Projects\modernHelloWorld3\modernHelloWorld3\Debug\link.5012-rc.read.1.tlog
\\wfs1\users$\morgan\My Documents\Visual Studio 2012\Projects\modernHelloWorld3\modernHelloWorld3\Debug\link.5012-rc.write.1.tlog
\\wfs1\users$\morgan\My Documents\Visual Studio 2012\Projects\modernHelloWorld3\modernHelloWorld3\Debug\link.5012.read.1.tlog
\\wfs1\users$\morgan\My Documents\Visual Studio 2012\Projects\modernHelloWorld3\modernHelloWorld3\Debug\link.5012.write.1.tlog
\\wfs1\users$\morgan\My Documents\Visual Studio 2012\Projects\modernHelloWorld3\modernHelloWorld3\Debug\link.5076-cvtres.read.1.tlog
\\wfs1\users$\morgan\My Documents\Visual Studio 2012\Projects\modernHelloWorld3\modernHelloWorld3\Debug\link.5076-cvtres.write.1.tlog
\\wfs1\users$\morgan\My Documents\Visual Studio 2012\Projects\modernHelloWorld3\modernHelloWorld3\Debug\link.5076-rc.read.1.tlog
\\wfs1\users$\morgan\My Documents\Visual Studio 2012\Projects\modernHelloWorld3\modernHelloWorld3\Debug\link.5076-rc.write.1.tlog
\\wfs1\users$\morgan\My Documents\Visual Studio 2012\Projects\modernHelloWorld3\modernHelloWorld3\Debug\link.5076.read.1.tlog
\\wfs1\users$\morgan\My Documents\Visual Studio 2012\Projects\modernHelloWorld3\modernHelloWorld3\Debug\link.5076.write.1.tlog
\\wfs1\users$\morgan\My Documents\Visual Studio 2012\Projects\modernHelloWorld3\modernHelloWorld3\Debug\link.5104-cvtres.read.1.tlog
\\wfs1\users$\morgan\My Documents\Visual Studio 2012\Projects\modernHelloWorld3\modernHelloWorld3\Debug\link.5104-cvtres.write.1.tlog
\\wfs1\users$\morgan\My Documents\Visual Studio 2012\Projects\modernHelloWorld3\modernHelloWorld3\Debug\link.5104-rc.read.1.tlog
\\wfs1\users$\morgan\My Documents\Visual Studio 2012\Projects\modernHelloWorld3\modernHelloWorld3\Debug\link.5104-rc.write.1.tlog
\\wfs1\users$\morgan\My Documents\Visual Studio 2012\Projects\modernHelloWorld3\modernHelloWorld3\Debug\link.5104.read.1.tlog
\\wfs1\users$\morgan\My Documents\Visual Studio 2012\Projects\modernHelloWorld3\modernHelloWorld3\Debug\link.5104.write.1.tlog
\\wfs1\users$\morgan\My Documents\Visual Studio 2012\Projects\modernHelloWorld3\modernHelloWorld3\Debug\link.5576-cvtres.read.1.tlog
\\wfs1\users$\morgan\My Documents\Visual Studio 2012\Projects\modernHelloWorld3\modernHelloWorld3\Debug\link.5576-cvtres.write.1.tlog
\\wfs1\users$\morgan\My Documents\Visual Studio 2012\Projects\modernHelloWorld3\modernHelloWorld3\Debug\link.5576-rc.read.1.tlog
\\wfs1\users$\morgan\My Documents\Visual Studio 2012\Projects\modernHelloWorld3\modernHelloWorld3\Debug\link.5576-rc.write.1.tlog
\\wfs1\users$\morgan\My Documents\Visual Studio 2012\Projects\modernHelloWorld3\modernHelloWorld3\Debug\link.5576.read.1.tlog
\\wfs1\users$\morgan\My Documents\Visual Studio 2012\Projects\modernHelloWorld3\modernHelloWorld3\Debug\link.5576.write.1.tlog
\\wfs1\users$\morgan\My Documents\Visual Studio 2012\Projects\modernHelloWorld3\modernHelloWorld3\Debug\link.5668-cvtres.read.1.tlog
\\wfs1\users$\morgan\My Documents\Visual Studio 2012\Projects\modernHelloWorld3\modernHelloWorld3\Debug\link.5668-cvtres.write.1.tlog
\\wfs1\users$\morgan\My Documents\Visual Studio 2012\Projects\modernHelloWorld3\modernHelloWorld3\Debug\link.5668-rc.read.1.tlog
\\wfs1\users$\morgan\My Documents\Visual Studio 2012\Projects\modernHelloWorld3\modernHelloWorld3\Debug\link.5668-rc.write.1.tlog
\\wfs1\users$\morgan\My Documents\Visual Studio 2012\Projects\modernHelloWorld3\modernHelloWorld3\Debug\link.5668.read.1.tlog
\\wfs1\users$\morgan\My Documents\Visual Studio 2012\Projects\modernHelloWorld3\modernHelloWorld3\Debug\link.5668.write.1.tlog
\\wfs1\users$\morgan\My Documents\Visual Studio 2012\Projects\modernHelloWorld3\modernHelloWorld3\Debug\link.5684-cvtres.read.1.tlog
\\wfs1\users$\morgan\My Documents\Visual Studio 2012\Projects\modernHelloWorld3\modernHelloWorld3\Debug\link.5684-cvtres.write.1.tlog
\\wfs1\users$\morgan\My Documents\Visual Studio 2012\Projects\modernHelloWorld3\modernHelloWorld3\Debug\link.5684-rc.read.1.tlog
\\wfs1\users$\morgan\My Documents\Visual Studio 2012\Projects\modernHelloWorld3\modernHelloWorld3\Debug\link.5684-rc.write.1.tlog
\\wfs1\users$\morgan\My Documents\Visual Studio 2012\Projects\modernHelloWorld3\modernHelloWorld3\Debug\link.5684.read.1.tlog
\\wfs1\users$\morgan\My Documents\Visual Studio 2012\Projects\modernHelloWorld3\modernHelloWorld3\Debug\link.5684.write.1.tlog
\\wfs1\users$\morgan\My Documents\Visual Studio 2012\Projects\modernHelloWorld3\modernHelloWorld3\Debug\link.5804-cvtres.read.1.tlog
\\wfs1\users$\morgan\My Documents\Visual Studio 2012\Projects\modernHelloWorld3\modernHelloWorld3\Debug\link.5804-cvtres.write.1.tlog
\\wfs1\users$\morgan\My Documents\Visual Studio 2012\Projects\modernHelloWorld3\modernHelloWorld3\Debug\link.5804-rc.read.1.tlog
\\wfs1\users$\morgan\My Documents\Visual Studio 2012\Projects\modernHelloWorld3\modernHelloWorld3\Debug\link.5804-rc.write.1.tlog
\\wfs1\users$\morgan\My Documents\Visual Studio 2012\Projects\modernHelloWorld3\modernHelloWorld3\Debug\link.5804.read.1.tlog
\\wfs1\users$\morgan\My Documents\Visual Studio 2012\Projects\modernHelloWorld3\modernHelloWorld3\Debug\link.5804.write.1.tlog
\\wfs1\users$\morgan\My Documents\Visual Studio 2012\Projects\modernHelloWorld3\modernHelloWorld3\Debug\link.5848-cvtres.read.1.tlog
\\wfs1\users$\morgan\My Documents\Visual Studio 2012\Projects\modernHelloWorld3\modernHelloWorld3\Debug\link.5848-cvtres.write.1.tlog
\\wfs1\users$\morgan\My Documents\Visual Studio 2012\Projects\modernHelloWorld3\modernHelloWorld3\Debug\link.5848-rc.read.1.tlog
\\wfs1\users$\morgan\My Documents\Visual Studio 2012\Projects\modernHelloWorld3\modernHelloWorld3\Debug\link.5848-rc.write.1.tlog
\\wfs1\users$\morgan\My Documents\Visual Studio 2012\Projects\modernHelloWorld3\modernHelloWorld3\Debug\link.5848.read.1.tlog
\\wfs1\users$\morgan\My Documents\Visual Studio 2012\Projects\modernHelloWorld3\modernHelloWorld3\Debug\link.5848.write.1.tlog
\\wfs1\users$\morgan\My Documents\Visual Studio 2012\Projects\modernHelloWorld3\modernHelloWorld3\Debug\link.5956-cvtres.read.1.tlog
\\wfs1\users$\morgan\My Documents\Visual Studio 2012\Projects\modernHelloWorld3\modernHelloWorld3\Debug\link.5956-cvtres.write.1.tlog
\\wfs1\users$\morgan\My Documents\Visual Studio 2012\Projects\modernHelloWorld3\modernHelloWorld3\Debug\link.5956-rc.read.1.tlog
\\wfs1\users$\morgan\My Documents\Visual Studio 2012\Projects\modernHelloWorld3\modernHelloWorld3\Debug\link.5956-rc.write.1.tlog
\\wfs1\users$\morgan\My Documents\Visual Studio 2012\Projects\modernHelloWorld3\modernHelloWorld3\Debug\link.5956.read.1.tlog
\\wfs1\users$\morgan\My Documents\Visual Studio 2012\Projects\modernHelloWorld3\modernHelloWorld3\Debug\link.5956.write.1.tlog
\\wfs1\users$\morgan\My Documents\Visual Studio 2012\Projects\modernHelloWorld3\modernHelloWorld3\Debug\link.5968-cvtres.read.1.tlog
\\wfs1\users$\morgan\My Documents\Visual Studio 2012\Projects\modernHelloWorld3\modernHelloWorld3\Debug\link.5968-cvtres.write.1.tlog
\\wfs1\users$\morgan\My Documents\Visual Studio 2012\Projects\modernHelloWorld3\modernHelloWorld3\Debug\link.5968-rc.read.1.tlog
\\wfs1\users$\morgan\My Documents\Visual Studio 2012\Projects\modernHelloWorld3\modernHelloWorld3\Debug\link.5968-rc.write.1.tlog
\\wfs1\users$\morgan\My Documents\Visual Studio 2012\Projects\modernHelloWorld3\modernHelloWorld3\Debug\link.5968.read.1.tlog
\\wfs1\users$\morgan\My Documents\Visual Studio 2012\Projects\modernHelloWorld3\modernHelloWorld3\Debug\link.5968.write.1.tlog
\\wfs1\users$\morgan\My Documents\Visual Studio 2012\Projects\modernHelloWorld3\modernHelloWorld3\Debug\link.6032-cvtres.read.1.tlog
\\wfs1\users$\morgan\My Documents\Visual Studio 2012\Projects\modernHelloWorld3\modernHelloWorld3\Debug\link.6032-cvtres.write.1.tlog
\\wfs1\users$\morgan\My Documents\Visual Studio 2012\Projects\modernHelloWorld3\modernHelloWorld3\Debug\link.6032-rc.read.1.tlog
\\wfs1\users$\morgan\My Documents\Visual Studio 2012\Projects\modernHelloWorld3\modernHelloWorld3\Debug\link.6032-rc.write.1.tlog
\\wfs1\users$\morgan\My Documents\Visual Studio 2012\Projects\modernHelloWorld3\modernHelloWorld3\Debug\link.6032.read.1.tlog
\\wfs1\users$\morgan\My Documents\Visual Studio 2012\Projects\modernHelloWorld3\modernHelloWorld3\Debug\link.6032.write.1.tlog
\\wfs1\users$\morgan\My Documents\Visual Studio 2012\Projects\modernHelloWorld3\modernHelloWorld3\Debug\link.6064-cvtres.read.1.tlog
\\wfs1\users$\morgan\My Documents\Visual Studio 2012\Projects\modernHelloWorld3\modernHelloWorld3\Debug\link.6064-cvtres.write.1.tlog
\\wfs1\users$\morgan\My Documents\Visual Studio 2012\Projects\modernHelloWorld3\modernHelloWorld3\Debug\link.6064-rc.read.1.tlog
\\wfs1\users$\morgan\My Documents\Visual Studio 2012\Projects\modernHelloWorld3\modernHelloWorld3\Debug\link.6064-rc.write.1.tlog
\\wfs1\users$\morgan\My Documents\Visual Studio 2012\Projects\modernHelloWorld3\modernHelloWorld3\Debug\link.6064.read.1.tlog
\\wfs1\users$\morgan\My Documents\Visual Studio 2012\Projects\modernHelloWorld3\modernHelloWorld3\Debug\link.6064.write.1.tlog
\\wfs1\users$\morgan\My Documents\Visual Studio 2012\Projects\modernHelloWorld3\modernHelloWorld3\Debug\link.6112-cvtres.read.1.tlog
\\wfs1\users$\morgan\My Documents\Visual Studio 2012\Projects\modernHelloWorld3\modernHelloWorld3\Debug\link.6112-cvtres.write.1.tlog
\\wfs1\users$\morgan\My Documents\Visual Studio 2012\Projects\modernHelloWorld3\modernHelloWorld3\Debug\link.6112-rc.read.1.tlog
\\wfs1\users$\morgan\My Documents\Visual Studio 2012\Projects\modernHelloWorld3\modernHelloWorld3\Debug\link.6112-rc.write.1.tlog
\\wfs1\users$\morgan\My Documents\Visual Studio 2012\Projects\modernHelloWorld3\modernHelloWorld3\Debug\link.6112.read.1.tlog
\\wfs1\users$\morgan\My Documents\Visual Studio 2012\Projects\modernHelloWorld3\modernHelloWorld3\Debug\link.6112.write.1.tlog
\\wfs1\users$\morgan\My Documents\Visual Studio 2012\Projects\modernHelloWorld3\modernHelloWorld3\Debug\link.6256-cvtres.read.1.tlog
\\wfs1\users$\morgan\My Documents\Visual Studio 2012\Projects\modernHelloWorld3\modernHelloWorld3\Debug\link.6256-cvtres.write.1.tlog
\\wfs1\users$\morgan\My Documents\Visual Studio 2012\Projects\modernHelloWorld3\modernHelloWorld3\Debug\link.6256-rc.read.1.tlog
\\wfs1\users$\morgan\My Documents\Visual Studio 2012\Projects\modernHelloWorld3\modernHelloWorld3\Debug\link.6256-rc.write.1.tlog
\\wfs1\users$\morgan\My Documents\Visual Studio 2012\Projects\modernHelloWorld3\modernHelloWorld3\Debug\link.6256.read.1.tlog
\\wfs1\users$\morgan\My Documents\Visual Studio 2012\Projects\modernHelloWorld3\modernHelloWorld3\Debug\link.6256.write.1.tlog
\\wfs1\users$\morgan\My Documents\Visual Studio 2012\Projects\modernHelloWorld3\modernHelloWorld3\Debug\link.6492-cvtres.read.1.tlog
\\wfs1\users$\morgan\My Documents\Visual Studio 2012\Projects\modernHelloWorld3\modernHelloWorld3\Debug\link.6492-cvtres.write.1.tlog
\\wfs1\users$\morgan\My Documents\Visual Studio 2012\Projects\modernHelloWorld3\modernHelloWorld3\Debug\link.6492-rc.read.1.tlog
\\wfs1\users$\morgan\My Documents\Visual Studio 2012\Projects\modernHelloWorld3\modernHelloWorld3\Debug\link.6492-rc.write.1.tlog
\\wfs1\users$\morgan\My Documents\Visual Studio 2012\Projects\modernHelloWorld3\modernHelloWorld3\Debug\link.6492.read.1.tlog
\\wfs1\users$\morgan\My Documents\Visual Studio 2012\Projects\modernHelloWorld3\modernHelloWorld3\Debug\link.6492.write.1.tlog
\\wfs1\users$\morgan\My Documents\Visual Studio 2012\Projects\modernHelloWorld3\modernHelloWorld3\Debug\link.6716-cvtres.read.1.tlog
\\wfs1\users$\morgan\My Documents\Visual Studio 2012\Projects\modernHelloWorld3\modernHelloWorld3\Debug\link.6716-cvtres.write.1.tlog
\\wfs1\users$\morgan\My Documents\Visual Studio 2012\Projects\modernHelloWorld3\modernHelloWorld3\Debug\link.6716-rc.read.1.tlog
\\wfs1\users$\morgan\My Documents\Visual Studio 2012\Projects\modernHelloWorld3\modernHelloWorld3\Debug\link.6716-rc.write.1.tlog
\\wfs1\users$\morgan\My Documents\Visual Studio 2012\Projects\modernHelloWorld3\modernHelloWorld3\Debug\link.6716.read.1.tlog
\\wfs1\users$\morgan\My Documents\Visual Studio 2012\Projects\modernHelloWorld3\modernHelloWorld3\Debug\link.6716.write.1.tlog
\\wfs1\users$\morgan\My Documents\Visual Studio 2012\Projects\modernHelloWorld3\modernHelloWorld3\Debug\link.6756-cvtres.read.1.tlog
\\wfs1\users$\morgan\My Documents\Visual Studio 2012\Projects\modernHelloWorld3\modernHelloWorld3\Debug\link.6756-cvtres.write.1.tlog
\\wfs1\users$\morgan\My Documents\Visual Studio 2012\Projects\modernHelloWorld3\modernHelloWorld3\Debug\link.6756-rc.read.1.tlog
\\wfs1\users$\morgan\My Documents\Visual Studio 2012\Projects\modernHelloWorld3\modernHelloWorld3\Debug\link.6756-rc.write.1.tlog
\\wfs1\users$\morgan\My Documents\Visual Studio 2012\Projects\modernHelloWorld3\modernHelloWorld3\Debug\link.6756.read.1.tlog
\\wfs1\users$\morgan\My Documents\Visual Studio 2012\Projects\modernHelloWorld3\modernHelloWorld3\Debug\link.6756.write.1.tlog
\\wfs1\users$\morgan\My Documents\Visual Studio 2012\Projects\modernHelloWorld3\modernHelloWorld3\Debug\link.6816-cvtres.read.1.tlog
\\wfs1\users$\morgan\My Documents\Visual Studio 2012\Projects\modernHelloWorld3\modernHelloWorld3\Debug\link.6816-cvtres.write.1.tlog
\\wfs1\users$\morgan\My Documents\Visual Studio 2012\Projects\modernHelloWorld3\modernHelloWorld3\Debug\link.6816-rc.read.1.tlog
\\wfs1\users$\morgan\My Documents\Visual Studio 2012\Projects\modernHelloWorld3\modernHelloWorld3\Debug\link.6816-rc.write.1.tlog
\\wfs1\users$\morgan\My Documents\Visual Studio 2012\Projects\modernHelloWorld3\modernHelloWorld3\Debug\link.6816.read.1.tlog
\\wfs1\users$\morgan\My Documents\Visual Studio 2012\Projects\modernHelloWorld3\modernHelloWorld3\Debug\link.6816.write.1.tlog
\\wfs1\users$\morgan\My Documents\Visual Studio 2012\Projects\modernHelloWorld3\modernHelloWorld3\Debug\link.6968-cvtres.read.1.tlog
\\wfs1\users$\morgan\My Documents\Visual Studio 2012\Projects\modernHelloWorld3\modernHelloWorld3\Debug\link.6968-cvtres.write.1.tlog
\\wfs1\users$\morgan\My Documents\Visual Studio 2012\Projects\modernHelloWorld3\modernHelloWorld3\Debug\link.6968-rc.read.1.tlog
\\wfs1\users$\morgan\My Documents\Visual Studio 2012\Projects\modernHelloWorld3\modernHelloWorld3\Debug\link.6968-rc.write.1.tlog
\\wfs1\users$\morgan\My Documents\Visual Studio 2012\Projects\modernHelloWorld3\modernHelloWorld3\Debug\link.6968.read.1.tlog
\\wfs1\users$\morgan\My Documents\Visual Studio 2012\Projects\modernHelloWorld3\modernHelloWorld3\Debug\link.6968.write.1.tlog
\\wfs1\users$\morgan\My Documents\Visual Studio 2012\Projects\modernHelloWorld3\modernHelloWorld3\Debug\link.7036-cvtres.read.1.tlog
\\wfs1\users$\morgan\My Documents\Visual Studio 2012\Projects\modernHelloWorld3\modernHelloWorld3\Debug\link.7036-cvtres.write.1.tlog
\\wfs1\users$\morgan\My Documents\Visual Studio 2012\Projects\modernHelloWorld3\modernHelloWorld3\Debug\link.7036-rc.read.1.tlog
\\wfs1\users$\morgan\My Documents\Visual Studio 2012\Projects\modernHelloWorld3\modernHelloWorld3\Debug\link.7036-rc.write.1.tlog
\\wfs1\users$\morgan\My Documents\Visual Studio 2012\Projects\modernHelloWorld3\modernHelloWorld3\Debug\link.7036.read.1.tlog
\\wfs1\users$\morgan\My Documents\Visual Studio 2012\Projects\modernHelloWorld3\modernHelloWorld3\Debug\link.7036.write.1.tlog
\\wfs1\users$\morgan\My Documents\Visual Studio 2012\Projects\modernHelloWorld3\modernHelloWorld3\Debug\link.7072-cvtres.read.1.tlog
\\wfs1\users$\morgan\My Documents\Visual Studio 2012\Projects\modernHelloWorld3\modernHelloWorld3\Debug\link.7072-cvtres.write.1.tlog
\\wfs1\users$\morgan\My Documents\Visual Studio 2012\Projects\modernHelloWorld3\modernHelloWorld3\Debug\link.7072-rc.read.1.tlog
\\wfs1\users$\morgan\My Documents\Visual Studio 2012\Projects\modernHelloWorld3\modernHelloWorld3\Debug\link.7072-rc.write.1.tlog
\\wfs1\users$\morgan\My Documents\Visual Studio 2012\Projects\modernHelloWorld3\modernHelloWorld3\Debug\link.7072.read.1.tlog
\\wfs1\users$\morgan\My Documents\Visual Studio 2012\Projects\modernHelloWorld3\modernHelloWorld3\Debug\link.7072.write.1.tlog
\\wfs1\users$\morgan\My Documents\Visual Studio 2012\Projects\modernHelloWorld3\modernHelloWorld3\Debug\link.7076-cvtres.read.1.tlog
\\wfs1\users$\morgan\My Documents\Visual Studio 2012\Projects\modernHelloWorld3\modernHelloWorld3\Debug\link.7076-cvtres.write.1.tlog
\\wfs1\users$\morgan\My Documents\Visual Studio 2012\Projects\modernHelloWorld3\modernHelloWorld3\Debug\link.7076-rc.read.1.tlog
\\wfs1\users$\morgan\My Documents\Visual Studio 2012\Projects\modernHelloWorld3\modernHelloWorld3\Debug\link.7076-rc.write.1.tlog
\\wfs1\users$\morgan\My Documents\Visual Studio 2012\Projects\modernHelloWorld3\modernHelloWorld3\Debug\link.7076.read.1.tlog
\\wfs1\users$\morgan\My Documents\Visual Studio 2012\Projects\modernHelloWorld3\modernHelloWorld3\Debug\link.7076.write.1.tlog
\\wfs1\users$\morgan\My Documents\Visual Studio 2012\Projects\modernHelloWorld3\modernHelloWorld3\Debug\link.7388-cvtres.read.1.tlog
\\wfs1\users$\morgan\My Documents\Visual Studio 2012\Projects\modernHelloWorld3\modernHelloWorld3\Debug\link.7388-cvtres.write.1.tlog
\\wfs1\users$\morgan\My Documents\Visual Studio 2012\Projects\modernHelloWorld3\modernHelloWorld3\Debug\link.7388-rc.read.1.tlog
\\wfs1\users$\morgan\My Documents\Visual Studio 2012\Projects\modernHelloWorld3\modernHelloWorld3\Debug\link.7388-rc.write.1.tlog
\\wfs1\users$\morgan\My Documents\Visual Studio 2012\Projects\modernHelloWorld3\modernHelloWorld3\Debug\link.7388.read.1.tlog
\\wfs1\users$\morgan\My Documents\Visual Studio 2012\Projects\modernHelloWorld3\modernHelloWorld3\Debug\link.7388.write.1.tlog
\\wfs1\users$\morgan\My Documents\Visual Studio 2012\Projects\modernHelloWorld3\modernHelloWorld3\Debug\link.7732-cvtres.read.1.tlog
\\wfs1\users$\morgan\My Documents\Visual Studio 2012\Projects\modernHelloWorld3\modernHelloWorld3\Debug\link.7732-cvtres.write.1.tlog
\\wfs1\users$\morgan\My Documents\Visual Studio 2012\Projects\modernHelloWorld3\modernHelloWorld3\Debug\link.7732-rc.read.1.tlog
\\wfs1\users$\morgan\My Documents\Visual Studio 2012\Projects\modernHelloWorld3\modernHelloWorld3\Debug\link.7732-rc.write.1.tlog
\\wfs1\users$\morgan\My Documents\Visual Studio 2012\Projects\modernHelloWorld3\modernHelloWorld3\Debug\link.7732.read.1.tlog
\\wfs1\users$\morgan\My Documents\Visual Studio 2012\Projects\modernHelloWorld3\modernHelloWorld3\Debug\link.7732.write.1.tlog
\\wfs1\users$\morgan\My Documents\Visual Studio 2012\Projects\modernHelloWorld3\modernHelloWorld3\Debug\link.804-cvtres.read.1.tlog
\\wfs1\users$\morgan\My Documents\Visual Studio 2012\Projects\modernHelloWorld3\modernHelloWorld3\Debug\link.804-cvtres.write.1.tlog
\\wfs1\users$\morgan\My Documents\Visual Studio 2012\Projects\modernHelloWorld3\modernHelloWorld3\Debug\link.804-rc.read.1.tlog
\\wfs1\users$\morgan\My Documents\Visual Studio 2012\Projects\modernHelloWorld3\modernHelloWorld3\Debug\link.804-rc.write.1.tlog
\\wfs1\users$\morgan\My Documents\Visual Studio 2012\Projects\modernHelloWorld3\modernHelloWorld3\Debug\link.804.read.1.tlog
\\wfs1\users$\morgan\My Documents\Visual Studio 2012\Projects\modernHelloWorld3\modernHelloWorld3\Debug\link.804.write.1.tlog
\\wfs1\users$\morgan\My Documents\Visual Studio 2012\Projects\modernHelloWorld3\modernHelloWorld3\Debug\link.command.1.tlog
\\wfs1\users$\morgan\My Documents\Visual Studio 2012\Projects\modernHelloWorld3\modernHelloWorld3\Debug\link.read.1.tlog
\\wfs1\users$\morgan\My Documents\Visual Studio 2012\Projects\modernHelloWorld3\modernHelloWorld3\Debug\link.write.1.tlog
\\wfs1\users$\morgan\My Documents\Visual Studio 2012\Projects\modernHelloWorld3\modernHelloWorld3\Debug\vc110.idb
\\wfs1\users$\morgan\My Documents\Visual Studio 2012\Projects\modernHelloWorld3\modernHelloWorld3\Debug\vc110.pdb
\\wfs1\users$\morgan\My Documents\Visual Studio 2012\Projects\modernHelloWorld3\Debug\modernHelloWorld3.pdb
\\wfs1\users$\morgan\My Documents\Visual Studio 2012\Projects\modernHelloWorld3\Debug\modernHelloWorld3.exe
\\wfs1\users$\morgan\My Documents\Visual Studio 2012\Projects\modernHelloWorld3\Debug\modernHelloWorld3.ilk
